# JRE version: Java(TM) SE Runtime Environment (24.0.2+12) (build 24.0.2+12-54)
# Java VM: Java HotSpot(TM) 64-Bit Server VM (24.0.2+12-54, mixed mode, sharing, tiered, compressed oops, compressed class ptrs, g1 gc, bsd-aarch64)
GC Precious Log:
 CardTable entry size: 512
 Card Set container configuration: InlinePtr #cards 4 size 8 Array Of Cards #cards 32 size 80 Howl #buckets 8 coarsen threshold 7372 Howl Bitmap #cards 1024 size 144 coarsen threshold 921 Card regions per heap region 1 cards per card region 8192
 CPUs: 8 total, 8 available
 Memory: 32768M
 Large Page Support: Disabled
 NUMA Support: Disabled
 Compressed Oops: Enabled (Zero based)
 Heap Region Size: 4M
 Heap Min Capacity: 8M
 Heap Initial Capacity: 512M
 Heap Max Capacity: 8G
 Pre-touch: Disabled
 Parallel Workers: 8
 Concurrent Workers: 2
 Concurrent Refinement Workers: 8
 Periodic GC: Disabled
Heap:
 garbage-first heap   total reserved 8388608K, committed 139264K, used 95761K [0x0000000600000000, 0x0000000800000000)
  region size 4096K, 19 young (77824K), 0 survivors (0K)
 Metaspace       used 11826K, committed 11904K, reserved 1114112K
  class space    used 855K, committed 896K, reserved 1048576K
GC Heap History (20 events):
Event: 61.504 GC heap before
{Heap before GC invocations=1116 (full 229):
 garbage-first heap   total reserved 8388608K, committed 122880K, used 93413K [0x0000000600000000, 0x0000000800000000)
  region size 4096K, 18 young (73728K), 0 survivors (0K)
 Metaspace       used 11823K, committed 11904K, reserved 1114112K
  class space    used 854K, committed 896K, reserved 1048576K
}
Event: 61.505 GC heap after
{Heap after GC invocations=1117 (full 229):
 garbage-first heap   total reserved 8388608K, committed 122880K, used 26407K [0x0000000600000000, 0x0000000800000000)
  region size 4096K, 2 young (8192K), 2 survivors (8192K)
 Metaspace       used 11823K, committed 11904K, reserved 1114112K
  class space    used 854K, committed 896K, reserved 1048576K
}
Event: 61.542 GC heap before
{Heap before GC invocations=1117 (full 229):
 garbage-first heap   total reserved 8388608K, committed 122880K, used 83751K [0x0000000600000000, 0x0000000800000000)
  region size 4096K, 17 young (69632K), 2 survivors (8192K)
 Metaspace       used 11823K, committed 11904K, reserved 1114112K
  class space    used 854K, committed 896K, reserved 1048576K
}
Event: 61.542 GC heap after
{Heap after GC invocations=1118 (full 229):
 garbage-first heap   total reserved 8388608K, committed 122880K, used 25834K [0x0000000600000000, 0x0000000800000000)
  region size 4096K, 2 young (8192K), 2 survivors (8192K)
 Metaspace       used 11823K, committed 11904K, reserved 1114112K
  class space    used 854K, committed 896K, reserved 1048576K
}
Event: 61.572 GC heap before
{Heap before GC invocations=1118 (full 229):
 garbage-first heap   total reserved 8388608K, committed 122880K, used 83178K [0x0000000600000000, 0x0000000800000000)
  region size 4096K, 17 young (69632K), 2 survivors (8192K)
 Metaspace       used 11823K, committed 11904K, reserved 1114112K
  class space    used 854K, committed 896K, reserved 1048576K
}
Event: 61.572 GC heap after
{Heap after GC invocations=1119 (full 229):
 garbage-first heap   total reserved 8388608K, committed 323584K, used 22581K [0x0000000600000000, 0x0000000800000000)
  region size 4096K, 1 young (4096K), 1 survivors (4096K)
 Metaspace       used 11823K, committed 11904K, reserved 1114112K
  class space    used 854K, committed 896K, reserved 1048576K
}
Event: 61.708 GC heap before
{Heap before GC invocations=1119 (full 229):
 garbage-first heap   total reserved 8388608K, committed 323584K, used 206901K [0x0000000600000000, 0x0000000800000000)
  region size 4096K, 47 young (192512K), 1 survivors (4096K)
 Metaspace       used 11823K, committed 11904K, reserved 1114112K
  class space    used 854K, committed 896K, reserved 1048576K
}
Event: 61.709 GC heap after
{Heap after GC invocations=1120 (full 229):
 garbage-first heap   total reserved 8388608K, committed 323584K, used 21259K [0x0000000600000000, 0x0000000800000000)
  region size 4096K, 1 young (4096K), 1 survivors (4096K)
 Metaspace       used 11823K, committed 11904K, reserved 1114112K
  class space    used 854K, committed 896K, reserved 1048576K
}
Event: 61.734 GC heap before
{Heap before GC invocations=1120 (full 229):
 garbage-first heap   total reserved 8388608K, committed 323584K, used 66315K [0x0000000600000000, 0x0000000800000000)
  region size 4096K, 14 young (57344K), 1 survivors (4096K)
 Metaspace       used 11823K, committed 11904K, reserved 1114112K
  class space    used 854K, committed 896K, reserved 1048576K
}
Event: 61.746 GC heap after
{Heap after GC invocations=1121 (full 230):
 garbage-first heap   total reserved 8388608K, committed 122880K, used 18796K [0x0000000600000000, 0x0000000800000000)
  region size 4096K, 0 young (0K), 0 survivors (0K)
 Metaspace       used 11823K, committed 11904K, reserved 1114112K
  class space    used 854K, committed 896K, reserved 1048576K
}
Event: 61.798 GC heap before
{Heap before GC invocations=1121 (full 230):
 garbage-first heap   total reserved 8388608K, committed 122880K, used 92524K [0x0000000600000000, 0x0000000800000000)
  region size 4096K, 18 young (73728K), 0 survivors (0K)
 Metaspace       used 11823K, committed 11904K, reserved 1114112K
  class space    used 854K, committed 896K, reserved 1048576K
}
Event: 61.799 GC heap after
{Heap after GC invocations=1122 (full 230):
 garbage-first heap   total reserved 8388608K, committed 122880K, used 25658K [0x0000000600000000, 0x0000000800000000)
  region size 4096K, 2 young (8192K), 2 survivors (8192K)
 Metaspace       used 11823K, committed 11904K, reserved 1114112K
  class space    used 854K, committed 896K, reserved 1048576K
}
Event: 61.838 GC heap before
{Heap before GC invocations=1122 (full 230):
 garbage-first heap   total reserved 8388608K, committed 122880K, used 83002K [0x0000000600000000, 0x0000000800000000)
  region size 4096K, 17 young (69632K), 2 survivors (8192K)
 Metaspace       used 11823K, committed 11904K, reserved 1114112K
  class space    used 854K, committed 896K, reserved 1048576K
}
Event: 61.839 GC heap after
{Heap after GC invocations=1123 (full 230):
 garbage-first heap   total reserved 8388608K, committed 122880K, used 23133K [0x0000000600000000, 0x0000000800000000)
  region size 4096K, 2 young (8192K), 2 survivors (8192K)
 Metaspace       used 11823K, committed 11904K, reserved 1114112K
  class space    used 854K, committed 896K, reserved 1048576K
}
Event: 61.871 GC heap before
{Heap before GC invocations=1123 (full 230):
 garbage-first heap   total reserved 8388608K, committed 122880K, used 80477K [0x0000000600000000, 0x0000000800000000)
  region size 4096K, 17 young (69632K), 2 survivors (8192K)
 Metaspace       used 11823K, committed 11904K, reserved 1114112K
  class space    used 854K, committed 896K, reserved 1048576K
}
Event: 61.872 GC heap after
{Heap after GC invocations=1124 (full 230):
 garbage-first heap   total reserved 8388608K, committed 323584K, used 25557K [0x0000000600000000, 0x0000000800000000)
  region size 4096K, 2 young (8192K), 2 survivors (8192K)
 Metaspace       used 11823K, committed 11904K, reserved 1114112K
  class space    used 854K, committed 896K, reserved 1048576K
}
Event: 62.043 GC heap before
{Heap before GC invocations=1124 (full 230):
 garbage-first heap   total reserved 8388608K, committed 323584K, used 205781K [0x0000000600000000, 0x0000000800000000)
  region size 4096K, 47 young (192512K), 2 survivors (8192K)
 Metaspace       used 11823K, committed 11904K, reserved 1114112K
  class space    used 854K, committed 896K, reserved 1048576K
}
Event: 62.045 GC heap after
{Heap after GC invocations=1125 (full 230):
 garbage-first heap   total reserved 8388608K, committed 323584K, used 25984K [0x0000000600000000, 0x0000000800000000)
  region size 4096K, 2 young (8192K), 2 survivors (8192K)
 Metaspace       used 11823K, committed 11904K, reserved 1114112K
  class space    used 854K, committed 896K, reserved 1048576K
}
Event: 62.070 GC heap before
{Heap before GC invocations=1125 (full 230):
 garbage-first heap   total reserved 8388608K, committed 323584K, used 66944K [0x0000000600000000, 0x0000000800000000)
  region size 4096K, 14 young (57344K), 2 survivors (8192K)
 Metaspace       used 11823K, committed 11904K, reserved 1114112K
  class space    used 854K, committed 896K, reserved 1048576K
}
Event: 62.080 GC heap after
{Heap after GC invocations=1126 (full 231):
 garbage-first heap   total reserved 8388608K, committed 139264K, used 22033K [0x0000000600000000, 0x0000000800000000)
  region size 4096K, 0 young (0K), 0 survivors (0K)
 Metaspace       used 11823K, committed 11904K, reserved 1114112K
  class space    used 854K, committed 896K, reserved 1048576K
}

