# JRE version: Java(TM) SE Runtime Environment (24.0.2+12) (build 24.0.2+12-54)
# Java VM: Java HotSpot(TM) 64-Bit Server VM (24.0.2+12-54, mixed mode, sharing, tiered, compressed oops, compressed class ptrs, g1 gc, bsd-aarch64)
GC Precious Log:
 CardTable entry size: 512
 Card Set container configuration: InlinePtr #cards 4 size 8 Array Of Cards #cards 32 size 80 Howl #buckets 8 coarsen threshold 7372 Howl Bitmap #cards 1024 size 144 coarsen threshold 921 Card regions per heap region 1 cards per card region 8192
 CPUs: 8 total, 8 available
 Memory: 32768M
 Large Page Support: Disabled
 NUMA Support: Disabled
 Compressed Oops: Enabled (Zero based)
 Heap Region Size: 4M
 Heap Min Capacity: 8M
 Heap Initial Capacity: 512M
 Heap Max Capacity: 8G
 Pre-touch: Disabled
 Parallel Workers: 8
 Concurrent Workers: 2
 Concurrent Refinement Workers: 8
 Periodic GC: Disabled
Heap:
 garbage-first heap   total reserved 8388608K, committed 180224K, used 48352K [0x0000000600000000, 0x0000000800000000)
  region size 4096K, 4 young (16384K), 0 survivors (0K)
 Metaspace       used 11828K, committed 11968K, reserved 1114112K
  class space    used 855K, committed 896K, reserved 1048576K
GC Heap History (20 events):
Event: 50.313 GC heap before
{Heap before GC invocations=852 (full 154):
 garbage-first heap   total reserved 8388608K, committed 323584K, used 72013K [0x0000000600000000, 0x0000000800000000)
  region size 4096K, 13 young (53248K), 2 survivors (8192K)
 Metaspace       used 11826K, committed 11968K, reserved 1114112K
  class space    used 854K, committed 896K, reserved 1048576K
}
Event: 50.324 GC heap after
{Heap after GC invocations=853 (full 155):
 garbage-first heap   total reserved 8388608K, committed 110592K, used 24870K [0x0000000600000000, 0x0000000800000000)
  region size 4096K, 0 young (0K), 0 survivors (0K)
 Metaspace       used 11826K, committed 11968K, reserved 1114112K
  class space    used 854K, committed 896K, reserved 1048576K
}
Event: 50.360 GC heap before
{Heap before GC invocations=853 (full 155):
 garbage-first heap   total reserved 8388608K, committed 110592K, used 90406K [0x0000000600000000, 0x0000000800000000)
  region size 4096K, 16 young (65536K), 0 survivors (0K)
 Metaspace       used 11826K, committed 11968K, reserved 1114112K
  class space    used 854K, committed 896K, reserved 1048576K
}
Event: 50.361 GC heap after
{Heap after GC invocations=854 (full 155):
 garbage-first heap   total reserved 8388608K, committed 110592K, used 29134K [0x0000000600000000, 0x0000000800000000)
  region size 4096K, 2 young (8192K), 2 survivors (8192K)
 Metaspace       used 11826K, committed 11968K, reserved 1114112K
  class space    used 854K, committed 896K, reserved 1048576K
}
Event: 50.390 GC heap before
{Heap before GC invocations=854 (full 155):
 garbage-first heap   total reserved 8388608K, committed 110592K, used 78286K [0x0000000600000000, 0x0000000800000000)
  region size 4096K, 15 young (61440K), 2 survivors (8192K)
 Metaspace       used 11826K, committed 11968K, reserved 1114112K
  class space    used 854K, committed 896K, reserved 1048576K
}
Event: 50.391 GC heap after
{Heap after GC invocations=855 (full 155):
 garbage-first heap   total reserved 8388608K, committed 110592K, used 31718K [0x0000000600000000, 0x0000000800000000)
  region size 4096K, 2 young (8192K), 2 survivors (8192K)
 Metaspace       used 11826K, committed 11968K, reserved 1114112K
  class space    used 854K, committed 896K, reserved 1048576K
}
Event: 50.414 GC heap before
{Heap before GC invocations=855 (full 155):
 garbage-first heap   total reserved 8388608K, committed 110592K, used 80870K [0x0000000600000000, 0x0000000800000000)
  region size 4096K, 15 young (61440K), 2 survivors (8192K)
 Metaspace       used 11826K, committed 11968K, reserved 1114112K
  class space    used 854K, committed 896K, reserved 1048576K
}
Event: 50.414 GC heap after
{Heap after GC invocations=856 (full 155):
 garbage-first heap   total reserved 8388608K, committed 319488K, used 30923K [0x0000000600000000, 0x0000000800000000)
  region size 4096K, 2 young (8192K), 2 survivors (8192K)
 Metaspace       used 11826K, committed 11968K, reserved 1114112K
  class space    used 854K, committed 896K, reserved 1048576K
}
Event: 50.515 GC heap before
{Heap before GC invocations=856 (full 155):
 garbage-first heap   total reserved 8388608K, committed 319488K, used 207051K [0x0000000600000000, 0x0000000800000000)
  region size 4096K, 46 young (188416K), 2 survivors (8192K)
 Metaspace       used 11826K, committed 11968K, reserved 1114112K
  class space    used 854K, committed 896K, reserved 1048576K
}
Event: 50.516 GC heap after
{Heap after GC invocations=857 (full 155):
 garbage-first heap   total reserved 8388608K, committed 319488K, used 32148K [0x0000000600000000, 0x0000000800000000)
  region size 4096K, 2 young (8192K), 2 survivors (8192K)
 Metaspace       used 11826K, committed 11968K, reserved 1114112K
  class space    used 854K, committed 896K, reserved 1048576K
}
Event: 50.609 GC heap before
{Heap before GC invocations=857 (full 155):
 garbage-first heap   total reserved 8388608K, committed 319488K, used 208276K [0x0000000600000000, 0x0000000800000000)
  region size 4096K, 46 young (188416K), 2 survivors (8192K)
 Metaspace       used 11826K, committed 11968K, reserved 1114112K
  class space    used 854K, committed 896K, reserved 1048576K
}
Event: 50.610 GC heap after
{Heap after GC invocations=858 (full 155):
 garbage-first heap   total reserved 8388608K, committed 319488K, used 27642K [0x0000000600000000, 0x0000000800000000)
  region size 4096K, 1 young (4096K), 1 survivors (4096K)
 Metaspace       used 11826K, committed 11968K, reserved 1114112K
  class space    used 854K, committed 896K, reserved 1048576K
}
Event: 50.712 GC heap before
{Heap before GC invocations=858 (full 155):
 garbage-first heap   total reserved 8388608K, committed 319488K, used 207866K [0x0000000600000000, 0x0000000800000000)
  region size 4096K, 46 young (188416K), 1 survivors (4096K)
 Metaspace       used 11826K, committed 11968K, reserved 1114112K
  class space    used 854K, committed 896K, reserved 1048576K
}
Event: 50.713 GC heap after
{Heap after GC invocations=859 (full 155):
 garbage-first heap   total reserved 8388608K, committed 319488K, used 34515K [0x0000000600000000, 0x0000000800000000)
  region size 4096K, 3 young (12288K), 3 survivors (12288K)
 Metaspace       used 11826K, committed 11968K, reserved 1114112K
  class space    used 854K, committed 896K, reserved 1048576K
}
Event: 50.803 GC heap before
{Heap before GC invocations=859 (full 155):
 garbage-first heap   total reserved 8388608K, committed 319488K, used 206547K [0x0000000600000000, 0x0000000800000000)
  region size 4096K, 46 young (188416K), 3 survivors (12288K)
 Metaspace       used 11826K, committed 11968K, reserved 1114112K
  class space    used 854K, committed 896K, reserved 1048576K
}
Event: 50.804 GC heap after
{Heap after GC invocations=860 (full 155):
 garbage-first heap   total reserved 8388608K, committed 385024K, used 33425K [0x0000000600000000, 0x0000000800000000)
  region size 4096K, 3 young (12288K), 3 survivors (12288K)
 Metaspace       used 11826K, committed 11968K, reserved 1114112K
  class space    used 854K, committed 896K, reserved 1048576K
}
Event: 50.927 GC heap before
{Heap before GC invocations=860 (full 155):
 garbage-first heap   total reserved 8388608K, committed 385024K, used 246417K [0x0000000600000000, 0x0000000800000000)
  region size 4096K, 56 young (229376K), 3 survivors (12288K)
 Metaspace       used 11826K, committed 11968K, reserved 1114112K
  class space    used 854K, committed 896K, reserved 1048576K
}
Event: 50.928 GC heap after
{Heap after GC invocations=861 (full 155):
 garbage-first heap   total reserved 8388608K, committed 385024K, used 33945K [0x0000000600000000, 0x0000000800000000)
  region size 4096K, 3 young (12288K), 3 survivors (12288K)
 Metaspace       used 11826K, committed 11968K, reserved 1114112K
  class space    used 854K, committed 896K, reserved 1048576K
}
Event: 50.953 GC heap before
{Heap before GC invocations=861 (full 155):
 garbage-first heap   total reserved 8388608K, committed 385024K, used 103577K [0x0000000600000000, 0x0000000800000000)
  region size 4096K, 21 young (86016K), 3 survivors (12288K)
 Metaspace       used 11826K, committed 11968K, reserved 1114112K
  class space    used 854K, committed 896K, reserved 1048576K
}
Event: 50.969 GC heap after
{Heap after GC invocations=862 (full 156):
 garbage-first heap   total reserved 8388608K, committed 180224K, used 36064K [0x0000000600000000, 0x0000000800000000)
  region size 4096K, 0 young (0K), 0 survivors (0K)
 Metaspace       used 11826K, committed 11968K, reserved 1114112K
  class space    used 854K, committed 896K, reserved 1048576K
}

