# JRE version: Java(TM) SE Runtime Environment (24.0.2+12) (build 24.0.2+12-54)
# Java VM: Java HotSpot(TM) 64-Bit Server VM (24.0.2+12-54, mixed mode, sharing, tiered, compressed oops, compressed class ptrs, g1 gc, bsd-aarch64)
GC Precious Log:
 CardTable entry size: 512
 Card Set container configuration: InlinePtr #cards 4 size 8 Array Of Cards #cards 32 size 80 Howl #buckets 8 coarsen threshold 7372 Howl Bitmap #cards 1024 size 144 coarsen threshold 921 Card regions per heap region 1 cards per card region 8192
 CPUs: 8 total, 8 available
 Memory: 32768M
 Large Page Support: Disabled
 NUMA Support: Disabled
 Compressed Oops: Enabled (Zero based)
 Heap Region Size: 4M
 Heap Min Capacity: 8M
 Heap Initial Capacity: 512M
 Heap Max Capacity: 8G
 Pre-touch: Disabled
 Parallel Workers: 8
 Concurrent Workers: 2
 Concurrent Refinement Workers: 8
 Periodic GC: Disabled
Heap:
 garbage-first heap   total reserved 8388608K, committed 110592K, used 19091K [0x0000000600000000, 0x0000000800000000)
  region size 4096K, 2 young (8192K), 0 survivors (0K)
 Metaspace       used 11830K, committed 11968K, reserved 1114112K
  class space    used 855K, committed 896K, reserved 1048576K
GC Heap History (20 events):
Event: 77.291 GC heap before
{Heap before GC invocations=1265 (full 248):
 garbage-first heap   total reserved 8388608K, committed 122880K, used 88658K [0x0000000600000000, 0x0000000800000000)
  region size 4096K, 17 young (69632K), 2 survivors (8192K)
 Metaspace       used 11828K, committed 11968K, reserved 1114112K
  class space    used 854K, committed 896K, reserved 1048576K
}
Event: 77.292 GC heap after
{Heap after GC invocations=1266 (full 248):
 garbage-first heap   total reserved 8388608K, committed 122880K, used 23379K [0x0000000600000000, 0x0000000800000000)
  region size 4096K, 1 young (4096K), 1 survivors (4096K)
 Metaspace       used 11828K, committed 11968K, reserved 1114112K
  class space    used 854K, committed 896K, reserved 1048576K
}
Event: 77.331 GC heap before
{Heap before GC invocations=1266 (full 248):
 garbage-first heap   total reserved 8388608K, committed 122880K, used 88915K [0x0000000600000000, 0x0000000800000000)
  region size 4096K, 18 young (73728K), 1 survivors (4096K)
 Metaspace       used 11828K, committed 11968K, reserved 1114112K
  class space    used 854K, committed 896K, reserved 1048576K
}
Event: 77.332 GC heap after
{Heap after GC invocations=1267 (full 248):
 garbage-first heap   total reserved 8388608K, committed 122880K, used 23434K [0x0000000600000000, 0x0000000800000000)
  region size 4096K, 1 young (4096K), 1 survivors (4096K)
 Metaspace       used 11828K, committed 11968K, reserved 1114112K
  class space    used 854K, committed 896K, reserved 1048576K
}
Event: 77.382 GC heap before
{Heap before GC invocations=1267 (full 248):
 garbage-first heap   total reserved 8388608K, committed 122880K, used 88970K [0x0000000600000000, 0x0000000800000000)
  region size 4096K, 18 young (73728K), 1 survivors (4096K)
 Metaspace       used 11828K, committed 11968K, reserved 1114112K
  class space    used 854K, committed 896K, reserved 1048576K
}
Event: 77.382 GC heap after
{Heap after GC invocations=1268 (full 248):
 garbage-first heap   total reserved 8388608K, committed 323584K, used 23423K [0x0000000600000000, 0x0000000800000000)
  region size 4096K, 1 young (4096K), 1 survivors (4096K)
 Metaspace       used 11828K, committed 11968K, reserved 1114112K
  class space    used 854K, committed 896K, reserved 1048576K
}
Event: 77.497 GC heap before
{Heap before GC invocations=1268 (full 248):
 garbage-first heap   total reserved 8388608K, committed 323584K, used 207743K [0x0000000600000000, 0x0000000800000000)
  region size 4096K, 47 young (192512K), 1 survivors (4096K)
 Metaspace       used 11828K, committed 11968K, reserved 1114112K
  class space    used 854K, committed 896K, reserved 1048576K
}
Event: 77.499 GC heap after
{Heap after GC invocations=1269 (full 248):
 garbage-first heap   total reserved 8388608K, committed 323584K, used 29394K [0x0000000600000000, 0x0000000800000000)
  region size 4096K, 3 young (12288K), 3 survivors (12288K)
 Metaspace       used 11828K, committed 11968K, reserved 1114112K
  class space    used 854K, committed 896K, reserved 1048576K
}
Event: 77.523 GC heap before
{Heap before GC invocations=1269 (full 248):
 garbage-first heap   total reserved 8388608K, committed 323584K, used 58066K [0x0000000600000000, 0x0000000800000000)
  region size 4096K, 11 young (45056K), 3 survivors (12288K)
 Metaspace       used 11828K, committed 11968K, reserved 1114112K
  class space    used 854K, committed 896K, reserved 1048576K
}
Event: 77.533 GC heap after
{Heap after GC invocations=1270 (full 249):
 garbage-first heap   total reserved 8388608K, committed 122880K, used 24498K [0x0000000600000000, 0x0000000800000000)
  region size 4096K, 0 young (0K), 0 survivors (0K)
 Metaspace       used 11828K, committed 11968K, reserved 1114112K
  class space    used 854K, committed 896K, reserved 1048576K
}
Event: 77.576 GC heap before
{Heap before GC invocations=1270 (full 249):
 garbage-first heap   total reserved 8388608K, committed 122880K, used 98226K [0x0000000600000000, 0x0000000800000000)
  region size 4096K, 18 young (73728K), 0 survivors (0K)
 Metaspace       used 11828K, committed 11968K, reserved 1114112K
  class space    used 854K, committed 896K, reserved 1048576K
}
Event: 77.577 GC heap after
{Heap after GC invocations=1271 (full 249):
 garbage-first heap   total reserved 8388608K, committed 122880K, used 30697K [0x0000000600000000, 0x0000000800000000)
  region size 4096K, 2 young (8192K), 2 survivors (8192K)
 Metaspace       used 11828K, committed 11968K, reserved 1114112K
  class space    used 854K, committed 896K, reserved 1048576K
}
Event: 77.621 GC heap before
{Heap before GC invocations=1271 (full 249):
 garbage-first heap   total reserved 8388608K, committed 122880K, used 92137K [0x0000000600000000, 0x0000000800000000)
  region size 4096K, 17 young (69632K), 2 survivors (8192K)
 Metaspace       used 11828K, committed 11968K, reserved 1114112K
  class space    used 854K, committed 896K, reserved 1048576K
}
Event: 77.622 GC heap after
{Heap after GC invocations=1272 (full 249):
 garbage-first heap   total reserved 8388608K, committed 122880K, used 31403K [0x0000000600000000, 0x0000000800000000)
  region size 4096K, 2 young (8192K), 2 survivors (8192K)
 Metaspace       used 11828K, committed 11968K, reserved 1114112K
  class space    used 854K, committed 896K, reserved 1048576K
}
Event: 77.659 GC heap before
{Heap before GC invocations=1272 (full 249):
 garbage-first heap   total reserved 8388608K, committed 122880K, used 88747K [0x0000000600000000, 0x0000000800000000)
  region size 4096K, 17 young (69632K), 2 survivors (8192K)
 Metaspace       used 11828K, committed 11968K, reserved 1114112K
  class space    used 854K, committed 896K, reserved 1048576K
}
Event: 77.660 GC heap after
{Heap after GC invocations=1273 (full 249):
 garbage-first heap   total reserved 8388608K, committed 323584K, used 27653K [0x0000000600000000, 0x0000000800000000)
  region size 4096K, 1 young (4096K), 1 survivors (4096K)
 Metaspace       used 11828K, committed 11968K, reserved 1114112K
  class space    used 854K, committed 896K, reserved 1048576K
}
Event: 77.770 GC heap before
{Heap before GC invocations=1273 (full 249):
 garbage-first heap   total reserved 8388608K, committed 323584K, used 211973K [0x0000000600000000, 0x0000000800000000)
  region size 4096K, 47 young (192512K), 1 survivors (4096K)
 Metaspace       used 11828K, committed 11968K, reserved 1114112K
  class space    used 854K, committed 896K, reserved 1048576K
}
Event: 77.772 GC heap after
{Heap after GC invocations=1274 (full 249):
 garbage-first heap   total reserved 8388608K, committed 323584K, used 35925K [0x0000000600000000, 0x0000000800000000)
  region size 4096K, 3 young (12288K), 3 survivors (12288K)
 Metaspace       used 11828K, committed 11968K, reserved 1114112K
  class space    used 854K, committed 896K, reserved 1048576K
}
Event: 77.797 GC heap before
{Heap before GC invocations=1274 (full 249):
 garbage-first heap   total reserved 8388608K, committed 323584K, used 76885K [0x0000000600000000, 0x0000000800000000)
  region size 4096K, 14 young (57344K), 3 survivors (12288K)
 Metaspace       used 11828K, committed 11968K, reserved 1114112K
  class space    used 854K, committed 896K, reserved 1048576K
}
Event: 77.806 GC heap after
{Heap after GC invocations=1275 (full 250):
 garbage-first heap   total reserved 8388608K, committed 110592K, used 14995K [0x0000000600000000, 0x0000000800000000)
  region size 4096K, 0 young (0K), 0 survivors (0K)
 Metaspace       used 11828K, committed 11968K, reserved 1114112K
  class space    used 854K, committed 896K, reserved 1048576K
}

