# JRE version: Java(TM) SE Runtime Environment (24.0.2+12) (build 24.0.2+12-54)
# Java VM: Java HotSpot(TM) 64-Bit Server VM (24.0.2+12-54, mixed mode, sharing, tiered, compressed oops, compressed class ptrs, g1 gc, bsd-aarch64)
GC Precious Log:
 CardTable entry size: 512
 Card Set container configuration: InlinePtr #cards 4 size 8 Array Of Cards #cards 32 size 80 Howl #buckets 8 coarsen threshold 7372 Howl Bitmap #cards 1024 size 144 coarsen threshold 921 Card regions per heap region 1 cards per card region 8192
 CPUs: 8 total, 8 available
 Memory: 32768M
 Large Page Support: Disabled
 NUMA Support: Disabled
 Compressed Oops: Enabled (Zero based)
 Heap Region Size: 4M
 Heap Min Capacity: 8M
 Heap Initial Capacity: 512M
 Heap Max Capacity: 8G
 Pre-touch: Disabled
 Parallel Workers: 8
 Concurrent Workers: 2
 Concurrent Refinement Workers: 8
 Periodic GC: Disabled
Heap:
 garbage-first heap   total reserved 8388608K, committed 122880K, used 70201K [0x0000000600000000, 0x0000000800000000)
  region size 4096K, 12 young (49152K), 2 survivors (8192K)
 Metaspace       used 11824K, committed 11904K, reserved 1114112K
  class space    used 854K, committed 896K, reserved 1048576K
GC Heap History (20 events):
Event: 51.689 GC heap before
{Heap before GC invocations=898 (full 172):
 garbage-first heap   total reserved 8388608K, committed 139264K, used 99040K [0x0000000600000000, 0x0000000800000000)
  region size 4096K, 19 young (77824K), 2 survivors (8192K)
 Metaspace       used 11820K, committed 11904K, reserved 1114112K
  class space    used 854K, committed 896K, reserved 1048576K
}
Event: 51.690 GC heap after
{Heap after GC invocations=899 (full 172):
 garbage-first heap   total reserved 8388608K, committed 278528K, used 28125K [0x0000000600000000, 0x0000000800000000)
  region size 4096K, 1 young (4096K), 1 survivors (4096K)
 Metaspace       used 11820K, committed 11904K, reserved 1114112K
  class space    used 854K, committed 896K, reserved 1048576K
}
Event: 51.793 GC heap before
{Heap before GC invocations=899 (full 172):
 garbage-first heap   total reserved 8388608K, committed 278528K, used 183773K [0x0000000600000000, 0x0000000800000000)
  region size 4096K, 40 young (163840K), 1 survivors (4096K)
 Metaspace       used 11820K, committed 11904K, reserved 1114112K
  class space    used 854K, committed 896K, reserved 1048576K
}
Event: 51.794 GC heap after
{Heap after GC invocations=900 (full 172):
 garbage-first heap   total reserved 8388608K, committed 278528K, used 32564K [0x0000000600000000, 0x0000000800000000)
  region size 4096K, 2 young (8192K), 2 survivors (8192K)
 Metaspace       used 11820K, committed 11904K, reserved 1114112K
  class space    used 854K, committed 896K, reserved 1048576K
}
Event: 51.819 GC heap before
{Heap before GC invocations=900 (full 172):
 garbage-first heap   total reserved 8388608K, committed 278528K, used 77620K [0x0000000600000000, 0x0000000800000000)
  region size 4096K, 14 young (57344K), 2 survivors (8192K)
 Metaspace       used 11820K, committed 11904K, reserved 1114112K
  class space    used 854K, committed 896K, reserved 1048576K
}
Event: 51.833 GC heap after
{Heap after GC invocations=901 (full 173):
 garbage-first heap   total reserved 8388608K, committed 139264K, used 29217K [0x0000000600000000, 0x0000000800000000)
  region size 4096K, 0 young (0K), 0 survivors (0K)
 Metaspace       used 11820K, committed 11904K, reserved 1114112K
  class space    used 854K, committed 896K, reserved 1048576K
}
Event: 51.880 GC heap before
{Heap before GC invocations=901 (full 173):
 garbage-first heap   total reserved 8388608K, committed 139264K, used 111137K [0x0000000600000000, 0x0000000800000000)
  region size 4096K, 20 young (81920K), 0 survivors (0K)
 Metaspace       used 11820K, committed 11904K, reserved 1114112K
  class space    used 854K, committed 896K, reserved 1048576K
}
Event: 51.880 GC heap after
{Heap after GC invocations=902 (full 173):
 garbage-first heap   total reserved 8388608K, committed 139264K, used 37493K [0x0000000600000000, 0x0000000800000000)
  region size 4096K, 3 young (12288K), 3 survivors (12288K)
 Metaspace       used 11820K, committed 11904K, reserved 1114112K
  class space    used 854K, committed 896K, reserved 1048576K
}
Event: 51.912 GC heap before
{Heap before GC invocations=902 (full 173):
 garbage-first heap   total reserved 8388608K, committed 139264K, used 98933K [0x0000000600000000, 0x0000000800000000)
  region size 4096K, 18 young (73728K), 3 survivors (12288K)
 Metaspace       used 11820K, committed 11904K, reserved 1114112K
  class space    used 854K, committed 896K, reserved 1048576K
}
Event: 51.913 GC heap after
{Heap after GC invocations=903 (full 173):
 garbage-first heap   total reserved 8388608K, committed 139264K, used 36157K [0x0000000600000000, 0x0000000800000000)
  region size 4096K, 2 young (8192K), 2 survivors (8192K)
 Metaspace       used 11820K, committed 11904K, reserved 1114112K
  class space    used 854K, committed 896K, reserved 1048576K
}
Event: 51.952 GC heap before
{Heap before GC invocations=903 (full 173):
 garbage-first heap   total reserved 8388608K, committed 139264K, used 101693K [0x0000000600000000, 0x0000000800000000)
  region size 4096K, 19 young (77824K), 2 survivors (8192K)
 Metaspace       used 11820K, committed 11904K, reserved 1114112K
  class space    used 854K, committed 896K, reserved 1048576K
}
Event: 51.953 GC heap after
{Heap after GC invocations=904 (full 173):
 garbage-first heap   total reserved 8388608K, committed 278528K, used 35651K [0x0000000600000000, 0x0000000800000000)
  region size 4096K, 2 young (8192K), 2 survivors (8192K)
 Metaspace       used 11820K, committed 11904K, reserved 1114112K
  class space    used 854K, committed 896K, reserved 1048576K
}
Event: 52.045 GC heap before
{Heap before GC invocations=904 (full 173):
 garbage-first heap   total reserved 8388608K, committed 278528K, used 187203K [0x0000000600000000, 0x0000000800000000)
  region size 4096K, 40 young (163840K), 2 survivors (8192K)
 Metaspace       used 11820K, committed 11904K, reserved 1114112K
  class space    used 854K, committed 896K, reserved 1048576K
}
Event: 52.047 GC heap after
{Heap after GC invocations=905 (full 173):
 garbage-first heap   total reserved 8388608K, committed 278528K, used 36394K [0x0000000600000000, 0x0000000800000000)
  region size 4096K, 2 young (8192K), 2 survivors (8192K)
 Metaspace       used 11820K, committed 11904K, reserved 1114112K
  class space    used 854K, committed 896K, reserved 1048576K
}
Event: 52.093 GC heap before
{Heap before GC invocations=905 (full 173):
 garbage-first heap   total reserved 8388608K, committed 278528K, used 89642K [0x0000000600000000, 0x0000000800000000)
  region size 4096K, 16 young (65536K), 2 survivors (8192K)
 Metaspace       used 11820K, committed 11904K, reserved 1114112K
  class space    used 854K, committed 896K, reserved 1048576K
}
Event: 52.105 GC heap after
{Heap after GC invocations=906 (full 174):
 garbage-first heap   total reserved 8388608K, committed 122880K, used 26790K [0x0000000600000000, 0x0000000800000000)
  region size 4096K, 0 young (0K), 0 survivors (0K)
 Metaspace       used 11820K, committed 11904K, reserved 1114112K
  class space    used 854K, committed 896K, reserved 1048576K
}
Event: 52.145 GC heap before
{Heap before GC invocations=906 (full 174):
 garbage-first heap   total reserved 8388608K, committed 122880K, used 96422K [0x0000000600000000, 0x0000000800000000)
  region size 4096K, 17 young (69632K), 0 survivors (0K)
 Metaspace       used 11820K, committed 11904K, reserved 1114112K
  class space    used 854K, committed 896K, reserved 1048576K
}
Event: 52.146 GC heap after
{Heap after GC invocations=907 (full 174):
 garbage-first heap   total reserved 8388608K, committed 122880K, used 33556K [0x0000000600000000, 0x0000000800000000)
  region size 4096K, 2 young (8192K), 2 survivors (8192K)
 Metaspace       used 11820K, committed 11904K, reserved 1114112K
  class space    used 854K, committed 896K, reserved 1048576K
}
Event: 52.168 GC heap before
{Heap before GC invocations=907 (full 174):
 garbage-first heap   total reserved 8388608K, committed 122880K, used 94996K [0x0000000600000000, 0x0000000800000000)
  region size 4096K, 17 young (69632K), 2 survivors (8192K)
 Metaspace       used 11820K, committed 11904K, reserved 1114112K
  class space    used 854K, committed 896K, reserved 1048576K
}
Event: 52.172 GC heap after
{Heap after GC invocations=908 (full 174):
 garbage-first heap   total reserved 8388608K, committed 122880K, used 33337K [0x0000000600000000, 0x0000000800000000)
  region size 4096K, 2 young (8192K), 2 survivors (8192K)
 Metaspace       used 11820K, committed 11904K, reserved 1114112K
  class space    used 854K, committed 896K, reserved 1048576K
}

