# JRE version: Java(TM) SE Runtime Environment (24.0.2+12) (build 24.0.2+12-54)
# Java VM: Java HotSpot(TM) 64-Bit Server VM (24.0.2+12-54, mixed mode, sharing, tiered, compressed oops, compressed class ptrs, g1 gc, bsd-aarch64)
GC Precious Log:
 CardTable entry size: 512
 Card Set container configuration: InlinePtr #cards 4 size 8 Array Of Cards #cards 32 size 80 Howl #buckets 8 coarsen threshold 7372 Howl Bitmap #cards 1024 size 144 coarsen threshold 921 Card regions per heap region 1 cards per card region 8192
 CPUs: 8 total, 8 available
 Memory: 32768M
 Large Page Support: Disabled
 NUMA Support: Disabled
 Compressed Oops: Enabled (Zero based)
 Heap Region Size: 4M
 Heap Min Capacity: 8M
 Heap Initial Capacity: 512M
 Heap Max Capacity: 8G
 Pre-touch: Disabled
 Parallel Workers: 8
 Concurrent Workers: 2
 Concurrent Refinement Workers: 8
 Periodic GC: Disabled
Heap:
 garbage-first heap   total reserved 8388608K, committed 163840K, used 45053K [0x0000000600000000, 0x0000000800000000)
  region size 4096K, 3 young (12288K), 0 survivors (0K)
 Metaspace       used 11832K, committed 11968K, reserved 1114112K
  class space    used 854K, committed 896K, reserved 1048576K
GC Heap History (20 events):
Event: 50.930 GC heap before
{Heap before GC invocations=874 (full 167):
 garbage-first heap   total reserved 8388608K, committed 122880K, used 95142K [0x0000000600000000, 0x0000000800000000)
  region size 4096K, 18 young (73728K), 0 survivors (0K)
 Metaspace       used 11830K, committed 11968K, reserved 1114112K
  class space    used 854K, committed 896K, reserved 1048576K
}
Event: 50.931 GC heap after
{Heap after GC invocations=875 (full 167):
 garbage-first heap   total reserved 8388608K, committed 122880K, used 32253K [0x0000000600000000, 0x0000000800000000)
  region size 4096K, 2 young (8192K), 2 survivors (8192K)
 Metaspace       used 11830K, committed 11968K, reserved 1114112K
  class space    used 854K, committed 896K, reserved 1048576K
}
Event: 50.964 GC heap before
{Heap before GC invocations=875 (full 167):
 garbage-first heap   total reserved 8388608K, committed 122880K, used 93693K [0x0000000600000000, 0x0000000800000000)
  region size 4096K, 17 young (69632K), 2 survivors (8192K)
 Metaspace       used 11830K, committed 11968K, reserved 1114112K
  class space    used 854K, committed 896K, reserved 1048576K
}
Event: 50.964 GC heap after
{Heap after GC invocations=876 (full 167):
 garbage-first heap   total reserved 8388608K, committed 122880K, used 27800K [0x0000000600000000, 0x0000000800000000)
  region size 4096K, 1 young (4096K), 1 survivors (4096K)
 Metaspace       used 11830K, committed 11968K, reserved 1114112K
  class space    used 854K, committed 896K, reserved 1048576K
}
Event: 51.000 GC heap before
{Heap before GC invocations=876 (full 167):
 garbage-first heap   total reserved 8388608K, committed 122880K, used 97432K [0x0000000600000000, 0x0000000800000000)
  region size 4096K, 18 young (73728K), 1 survivors (4096K)
 Metaspace       used 11830K, committed 11968K, reserved 1114112K
  class space    used 854K, committed 896K, reserved 1048576K
}
Event: 51.001 GC heap after
{Heap after GC invocations=877 (full 167):
 garbage-first heap   total reserved 8388608K, committed 323584K, used 28482K [0x0000000600000000, 0x0000000800000000)
  region size 4096K, 1 young (4096K), 1 survivors (4096K)
 Metaspace       used 11830K, committed 11968K, reserved 1114112K
  class space    used 854K, committed 896K, reserved 1048576K
}
Event: 51.115 GC heap before
{Heap before GC invocations=877 (full 167):
 garbage-first heap   total reserved 8388608K, committed 323584K, used 216898K [0x0000000600000000, 0x0000000800000000)
  region size 4096K, 47 young (192512K), 1 survivors (4096K)
 Metaspace       used 11830K, committed 11968K, reserved 1114112K
  class space    used 854K, committed 896K, reserved 1048576K
}
Event: 51.117 GC heap after
{Heap after GC invocations=878 (full 167):
 garbage-first heap   total reserved 8388608K, committed 323584K, used 32774K [0x0000000600000000, 0x0000000800000000)
  region size 4096K, 2 young (8192K), 2 survivors (8192K)
 Metaspace       used 11830K, committed 11968K, reserved 1114112K
  class space    used 854K, committed 896K, reserved 1048576K
}
Event: 51.141 GC heap before
{Heap before GC invocations=878 (full 167):
 garbage-first heap   total reserved 8388608K, committed 323584K, used 73734K [0x0000000600000000, 0x0000000800000000)
  region size 4096K, 13 young (53248K), 2 survivors (8192K)
 Metaspace       used 11830K, committed 11968K, reserved 1114112K
  class space    used 854K, committed 896K, reserved 1048576K
}
Event: 51.153 GC heap after
{Heap after GC invocations=879 (full 168):
 garbage-first heap   total reserved 8388608K, committed 139264K, used 25831K [0x0000000600000000, 0x0000000800000000)
  region size 4096K, 0 young (0K), 0 survivors (0K)
 Metaspace       used 11830K, committed 11968K, reserved 1114112K
  class space    used 854K, committed 896K, reserved 1048576K
}
Event: 51.196 GC heap before
{Heap before GC invocations=879 (full 168):
 garbage-first heap   total reserved 8388608K, committed 139264K, used 107751K [0x0000000600000000, 0x0000000800000000)
  region size 4096K, 20 young (81920K), 0 survivors (0K)
 Metaspace       used 11830K, committed 11968K, reserved 1114112K
  class space    used 854K, committed 896K, reserved 1048576K
}
Event: 51.197 GC heap after
{Heap after GC invocations=880 (full 168):
 garbage-first heap   total reserved 8388608K, committed 139264K, used 30129K [0x0000000600000000, 0x0000000800000000)
  region size 4096K, 2 young (8192K), 2 survivors (8192K)
 Metaspace       used 11830K, committed 11968K, reserved 1114112K
  class space    used 854K, committed 896K, reserved 1048576K
}
Event: 51.231 GC heap before
{Heap before GC invocations=880 (full 168):
 garbage-first heap   total reserved 8388608K, committed 139264K, used 95665K [0x0000000600000000, 0x0000000800000000)
  region size 4096K, 19 young (77824K), 2 survivors (8192K)
 Metaspace       used 11830K, committed 11968K, reserved 1114112K
  class space    used 854K, committed 896K, reserved 1048576K
}
Event: 51.232 GC heap after
{Heap after GC invocations=881 (full 168):
 garbage-first heap   total reserved 8388608K, committed 139264K, used 28792K [0x0000000600000000, 0x0000000800000000)
  region size 4096K, 1 young (4096K), 1 survivors (4096K)
 Metaspace       used 11830K, committed 11968K, reserved 1114112K
  class space    used 854K, committed 896K, reserved 1048576K
}
Event: 51.276 GC heap before
{Heap before GC invocations=881 (full 168):
 garbage-first heap   total reserved 8388608K, committed 139264K, used 106616K [0x0000000600000000, 0x0000000800000000)
  region size 4096K, 20 young (81920K), 1 survivors (4096K)
 Metaspace       used 11830K, committed 11968K, reserved 1114112K
  class space    used 854K, committed 896K, reserved 1048576K
}
Event: 51.276 GC heap after
{Heap after GC invocations=882 (full 168):
 garbage-first heap   total reserved 8388608K, committed 278528K, used 28291K [0x0000000600000000, 0x0000000800000000)
  region size 4096K, 1 young (4096K), 1 survivors (4096K)
 Metaspace       used 11830K, committed 11968K, reserved 1114112K
  class space    used 854K, committed 896K, reserved 1048576K
}
Event: 51.371 GC heap before
{Heap before GC invocations=882 (full 168):
 garbage-first heap   total reserved 8388608K, committed 278528K, used 183939K [0x0000000600000000, 0x0000000800000000)
  region size 4096K, 40 young (163840K), 1 survivors (4096K)
 Metaspace       used 11830K, committed 11968K, reserved 1114112K
  class space    used 854K, committed 896K, reserved 1048576K
}
Event: 51.372 GC heap after
{Heap after GC invocations=883 (full 168):
 garbage-first heap   total reserved 8388608K, committed 278528K, used 33738K [0x0000000600000000, 0x0000000800000000)
  region size 4096K, 2 young (8192K), 2 survivors (8192K)
 Metaspace       used 11830K, committed 11968K, reserved 1114112K
  class space    used 854K, committed 896K, reserved 1048576K
}
Event: 51.396 GC heap before
{Heap before GC invocations=883 (full 168):
 garbage-first heap   total reserved 8388608K, committed 278528K, used 99274K [0x0000000600000000, 0x0000000800000000)
  region size 4096K, 19 young (77824K), 2 survivors (8192K)
 Metaspace       used 11830K, committed 11968K, reserved 1114112K
  class space    used 854K, committed 896K, reserved 1048576K
}
Event: 51.412 GC heap after
{Heap after GC invocations=884 (full 169):
 garbage-first heap   total reserved 8388608K, committed 163840K, used 36861K [0x0000000600000000, 0x0000000800000000)
  region size 4096K, 0 young (0K), 0 survivors (0K)
 Metaspace       used 11830K, committed 11968K, reserved 1114112K
  class space    used 854K, committed 896K, reserved 1048576K
}

