# JRE version: Java(TM) SE Runtime Environment (24.0.2+12) (build 24.0.2+12-54)
# Java VM: Java HotSpot(TM) 64-Bit Server VM (24.0.2+12-54, mixed mode, sharing, tiered, compressed oops, compressed class ptrs, g1 gc, bsd-aarch64)
GC Precious Log:
 CardTable entry size: 512
 Card Set container configuration: InlinePtr #cards 4 size 8 Array Of Cards #cards 32 size 80 Howl #buckets 8 coarsen threshold 7372 Howl Bitmap #cards 1024 size 144 coarsen threshold 921 Card regions per heap region 1 cards per card region 8192
 CPUs: 8 total, 8 available
 Memory: 32768M
 Large Page Support: Disabled
 NUMA Support: Disabled
 Compressed Oops: Enabled (Zero based)
 Heap Region Size: 4M
 Heap Min Capacity: 8M
 Heap Initial Capacity: 512M
 Heap Max Capacity: 8G
 Pre-touch: Disabled
 Parallel Workers: 8
 Concurrent Workers: 2
 Concurrent Refinement Workers: 8
 Periodic GC: Disabled
Heap:
 garbage-first heap   total reserved 8388608K, committed 98304K, used 18324K [0x0000000600000000, 0x0000000800000000)
  region size 4096K, 2 young (8192K), 0 survivors (0K)
 Metaspace       used 11835K, committed 11968K, reserved 1114112K
  class space    used 854K, committed 896K, reserved 1048576K
GC Heap History (20 events):
Event: 74.600 GC heap before
{Heap before GC invocations=1253 (full 241):
 garbage-first heap   total reserved 8388608K, committed 110592K, used 85285K [0x0000000600000000, 0x0000000800000000)
  region size 4096K, 16 young (65536K), 0 survivors (0K)
 Metaspace       used 11833K, committed 11968K, reserved 1114112K
  class space    used 854K, committed 896K, reserved 1048576K
}
Event: 74.600 GC heap after
{Heap after GC invocations=1254 (full 241):
 garbage-first heap   total reserved 8388608K, committed 110592K, used 26453K [0x0000000600000000, 0x0000000800000000)
  region size 4096K, 2 young (8192K), 2 survivors (8192K)
 Metaspace       used 11833K, committed 11968K, reserved 1114112K
  class space    used 854K, committed 896K, reserved 1048576K
}
Event: 74.642 GC heap before
{Heap before GC invocations=1254 (full 241):
 garbage-first heap   total reserved 8388608K, committed 110592K, used 79701K [0x0000000600000000, 0x0000000800000000)
  region size 4096K, 15 young (61440K), 2 survivors (8192K)
 Metaspace       used 11833K, committed 11968K, reserved 1114112K
  class space    used 854K, committed 896K, reserved 1048576K
}
Event: 74.642 GC heap after
{Heap after GC invocations=1255 (full 241):
 garbage-first heap   total reserved 8388608K, committed 110592K, used 21982K [0x0000000600000000, 0x0000000800000000)
  region size 4096K, 1 young (4096K), 1 survivors (4096K)
 Metaspace       used 11833K, committed 11968K, reserved 1114112K
  class space    used 854K, committed 896K, reserved 1048576K
}
Event: 74.679 GC heap before
{Heap before GC invocations=1255 (full 241):
 garbage-first heap   total reserved 8388608K, committed 110592K, used 83422K [0x0000000600000000, 0x0000000800000000)
  region size 4096K, 16 young (65536K), 1 survivors (4096K)
 Metaspace       used 11833K, committed 11968K, reserved 1114112K
  class space    used 854K, committed 896K, reserved 1048576K
}
Event: 74.680 GC heap after
{Heap after GC invocations=1256 (full 241):
 garbage-first heap   total reserved 8388608K, committed 319488K, used 22671K [0x0000000600000000, 0x0000000800000000)
  region size 4096K, 1 young (4096K), 1 survivors (4096K)
 Metaspace       used 11833K, committed 11968K, reserved 1114112K
  class space    used 854K, committed 896K, reserved 1048576K
}
Event: 74.802 GC heap before
{Heap before GC invocations=1256 (full 241):
 garbage-first heap   total reserved 8388608K, committed 319488K, used 202895K [0x0000000600000000, 0x0000000800000000)
  region size 4096K, 46 young (188416K), 1 survivors (4096K)
 Metaspace       used 11833K, committed 11968K, reserved 1114112K
  class space    used 854K, committed 896K, reserved 1048576K
}
Event: 74.804 GC heap after
{Heap after GC invocations=1257 (full 241):
 garbage-first heap   total reserved 8388608K, committed 319488K, used 28665K [0x0000000600000000, 0x0000000800000000)
  region size 4096K, 3 young (12288K), 3 survivors (12288K)
 Metaspace       used 11833K, committed 11968K, reserved 1114112K
  class space    used 854K, committed 896K, reserved 1048576K
}
Event: 74.829 GC heap before
{Heap before GC invocations=1257 (full 241):
 garbage-first heap   total reserved 8388608K, committed 319488K, used 65529K [0x0000000600000000, 0x0000000800000000)
  region size 4096K, 13 young (53248K), 3 survivors (12288K)
 Metaspace       used 11833K, committed 11968K, reserved 1114112K
  class space    used 854K, committed 896K, reserved 1048576K
}
Event: 74.838 GC heap after
{Heap after GC invocations=1258 (full 242):
 garbage-first heap   total reserved 8388608K, committed 110592K, used 20659K [0x0000000600000000, 0x0000000800000000)
  region size 4096K, 0 young (0K), 0 survivors (0K)
 Metaspace       used 11833K, committed 11968K, reserved 1114112K
  class space    used 854K, committed 896K, reserved 1048576K
}
Event: 74.880 GC heap before
{Heap before GC invocations=1258 (full 242):
 garbage-first heap   total reserved 8388608K, committed 110592K, used 86195K [0x0000000600000000, 0x0000000800000000)
  region size 4096K, 16 young (65536K), 0 survivors (0K)
 Metaspace       used 11833K, committed 11968K, reserved 1114112K
  class space    used 854K, committed 896K, reserved 1048576K
}
Event: 74.881 GC heap after
{Heap after GC invocations=1259 (full 242):
 garbage-first heap   total reserved 8388608K, committed 110592K, used 26851K [0x0000000600000000, 0x0000000800000000)
  region size 4096K, 2 young (8192K), 2 survivors (8192K)
 Metaspace       used 11833K, committed 11968K, reserved 1114112K
  class space    used 854K, committed 896K, reserved 1048576K
}
Event: 74.918 GC heap before
{Heap before GC invocations=1259 (full 242):
 garbage-first heap   total reserved 8388608K, committed 110592K, used 80099K [0x0000000600000000, 0x0000000800000000)
  region size 4096K, 15 young (61440K), 2 survivors (8192K)
 Metaspace       used 11833K, committed 11968K, reserved 1114112K
  class space    used 854K, committed 896K, reserved 1048576K
}
Event: 74.919 GC heap after
{Heap after GC invocations=1260 (full 242):
 garbage-first heap   total reserved 8388608K, committed 110592K, used 25515K [0x0000000600000000, 0x0000000800000000)
  region size 4096K, 2 young (8192K), 2 survivors (8192K)
 Metaspace       used 11833K, committed 11968K, reserved 1114112K
  class space    used 854K, committed 896K, reserved 1048576K
}
Event: 74.950 GC heap before
{Heap before GC invocations=1260 (full 242):
 garbage-first heap   total reserved 8388608K, committed 110592K, used 78763K [0x0000000600000000, 0x0000000800000000)
  region size 4096K, 15 young (61440K), 2 survivors (8192K)
 Metaspace       used 11833K, committed 11968K, reserved 1114112K
  class space    used 854K, committed 896K, reserved 1048576K
}
Event: 74.951 GC heap after
{Heap after GC invocations=1261 (full 242):
 garbage-first heap   total reserved 8388608K, committed 319488K, used 26737K [0x0000000600000000, 0x0000000800000000)
  region size 4096K, 2 young (8192K), 2 survivors (8192K)
 Metaspace       used 11833K, committed 11968K, reserved 1114112K
  class space    used 854K, committed 896K, reserved 1048576K
}
Event: 75.063 GC heap before
{Heap before GC invocations=1261 (full 242):
 garbage-first heap   total reserved 8388608K, committed 319488K, used 202865K [0x0000000600000000, 0x0000000800000000)
  region size 4096K, 46 young (188416K), 2 survivors (8192K)
 Metaspace       used 11833K, committed 11968K, reserved 1114112K
  class space    used 854K, committed 896K, reserved 1048576K
}
Event: 75.065 GC heap after
{Heap after GC invocations=1262 (full 242):
 garbage-first heap   total reserved 8388608K, committed 319488K, used 30221K [0x0000000600000000, 0x0000000800000000)
  region size 4096K, 3 young (12288K), 3 survivors (12288K)
 Metaspace       used 11833K, committed 11968K, reserved 1114112K
  class space    used 854K, committed 896K, reserved 1048576K
}
Event: 75.089 GC heap before
{Heap before GC invocations=1262 (full 242):
 garbage-first heap   total reserved 8388608K, committed 319488K, used 87565K [0x0000000600000000, 0x0000000800000000)
  region size 4096K, 18 young (73728K), 3 survivors (12288K)
 Metaspace       used 11833K, committed 11968K, reserved 1114112K
  class space    used 854K, committed 896K, reserved 1048576K
}
Event: 75.098 GC heap after
{Heap after GC invocations=1263 (full 243):
 garbage-first heap   total reserved 8388608K, committed 98304K, used 14228K [0x0000000600000000, 0x0000000800000000)
  region size 4096K, 0 young (0K), 0 survivors (0K)
 Metaspace       used 11833K, committed 11968K, reserved 1114112K
  class space    used 854K, committed 896K, reserved 1048576K
}

