# JRE version: Java(TM) SE Runtime Environment (24.0.2+12) (build 24.0.2+12-54)
# Java VM: Java HotSpot(TM) 64-Bit Server VM (24.0.2+12-54, mixed mode, sharing, tiered, compressed oops, compressed class ptrs, g1 gc, bsd-aarch64)
GC Precious Log:
 CardTable entry size: 512
 Card Set container configuration: InlinePtr #cards 4 size 8 Array Of Cards #cards 32 size 80 Howl #buckets 8 coarsen threshold 7372 Howl Bitmap #cards 1024 size 144 coarsen threshold 921 Card regions per heap region 1 cards per card region 8192
 CPUs: 8 total, 8 available
 Memory: 32768M
 Large Page Support: Disabled
 NUMA Support: Disabled
 Compressed Oops: Enabled (Zero based)
 Heap Region Size: 4M
 Heap Min Capacity: 8M
 Heap Initial Capacity: 512M
 Heap Max Capacity: 8G
 Pre-touch: Disabled
 Parallel Workers: 8
 Concurrent Workers: 2
 Concurrent Refinement Workers: 8
 Periodic GC: Disabled
Heap:
 garbage-first heap   total reserved 8388608K, committed 319488K, used 100112K [0x0000000600000000, 0x0000000800000000)
  region size 4096K, 21 young (86016K), 3 survivors (12288K)
 Metaspace       used 11818K, committed 11904K, reserved 1114112K
  class space    used 854K, committed 896K, reserved 1048576K
GC Heap History (20 events):
Event: 62.177 GC heap before
{Heap before GC invocations=1058 (full 209):
 garbage-first heap   total reserved 8388608K, committed 323584K, used 72187K [0x0000000600000000, 0x0000000800000000)
  region size 4096K, 14 young (57344K), 2 survivors (8192K)
 Metaspace       used 11816K, committed 11904K, reserved 1114112K
  class space    used 854K, committed 896K, reserved 1048576K
}
Event: 62.188 GC heap after
{Heap after GC invocations=1059 (full 210):
 garbage-first heap   total reserved 8388608K, committed 110592K, used 19855K [0x0000000600000000, 0x0000000800000000)
  region size 4096K, 0 young (0K), 0 survivors (0K)
 Metaspace       used 11816K, committed 11904K, reserved 1114112K
  class space    used 854K, committed 896K, reserved 1048576K
}
Event: 62.226 GC heap before
{Heap before GC invocations=1059 (full 210):
 garbage-first heap   total reserved 8388608K, committed 110592K, used 81295K [0x0000000600000000, 0x0000000800000000)
  region size 4096K, 16 young (65536K), 0 survivors (0K)
 Metaspace       used 11816K, committed 11904K, reserved 1114112K
  class space    used 854K, committed 896K, reserved 1048576K
}
Event: 62.227 GC heap after
{Heap after GC invocations=1060 (full 210):
 garbage-first heap   total reserved 8388608K, committed 110592K, used 26539K [0x0000000600000000, 0x0000000800000000)
  region size 4096K, 2 young (8192K), 2 survivors (8192K)
 Metaspace       used 11816K, committed 11904K, reserved 1114112K
  class space    used 854K, committed 896K, reserved 1048576K
}
Event: 62.254 GC heap before
{Heap before GC invocations=1060 (full 210):
 garbage-first heap   total reserved 8388608K, committed 110592K, used 79787K [0x0000000600000000, 0x0000000800000000)
  region size 4096K, 15 young (61440K), 2 survivors (8192K)
 Metaspace       used 11816K, committed 11904K, reserved 1114112K
  class space    used 854K, committed 896K, reserved 1048576K
}
Event: 62.255 GC heap after
{Heap after GC invocations=1061 (full 210):
 garbage-first heap   total reserved 8388608K, committed 110592K, used 22172K [0x0000000600000000, 0x0000000800000000)
  region size 4096K, 1 young (4096K), 1 survivors (4096K)
 Metaspace       used 11816K, committed 11904K, reserved 1114112K
  class space    used 854K, committed 896K, reserved 1048576K
}
Event: 62.291 GC heap before
{Heap before GC invocations=1061 (full 210):
 garbage-first heap   total reserved 8388608K, committed 110592K, used 83612K [0x0000000600000000, 0x0000000800000000)
  region size 4096K, 16 young (65536K), 1 survivors (4096K)
 Metaspace       used 11816K, committed 11904K, reserved 1114112K
  class space    used 854K, committed 896K, reserved 1048576K
}
Event: 62.291 GC heap after
{Heap after GC invocations=1062 (full 210):
 garbage-first heap   total reserved 8388608K, committed 319488K, used 23818K [0x0000000600000000, 0x0000000800000000)
  region size 4096K, 1 young (4096K), 1 survivors (4096K)
 Metaspace       used 11816K, committed 11904K, reserved 1114112K
  class space    used 854K, committed 896K, reserved 1048576K
}
Event: 62.400 GC heap before
{Heap before GC invocations=1062 (full 210):
 garbage-first heap   total reserved 8388608K, committed 319488K, used 204042K [0x0000000600000000, 0x0000000800000000)
  region size 4096K, 46 young (188416K), 1 survivors (4096K)
 Metaspace       used 11816K, committed 11904K, reserved 1114112K
  class space    used 854K, committed 896K, reserved 1048576K
}
Event: 62.401 GC heap after
{Heap after GC invocations=1063 (full 210):
 garbage-first heap   total reserved 8388608K, committed 319488K, used 27692K [0x0000000600000000, 0x0000000800000000)
  region size 4096K, 2 young (8192K), 2 survivors (8192K)
 Metaspace       used 11816K, committed 11904K, reserved 1114112K
  class space    used 854K, committed 896K, reserved 1048576K
}
Event: 62.427 GC heap before
{Heap before GC invocations=1063 (full 210):
 garbage-first heap   total reserved 8388608K, committed 319488K, used 76844K [0x0000000600000000, 0x0000000800000000)
  region size 4096K, 15 young (61440K), 2 survivors (8192K)
 Metaspace       used 11816K, committed 11904K, reserved 1114112K
  class space    used 854K, committed 896K, reserved 1048576K
}
Event: 62.437 GC heap after
{Heap after GC invocations=1064 (full 211):
 garbage-first heap   total reserved 8388608K, committed 110592K, used 20411K [0x0000000600000000, 0x0000000800000000)
  region size 4096K, 0 young (0K), 0 survivors (0K)
 Metaspace       used 11816K, committed 11904K, reserved 1114112K
  class space    used 854K, committed 896K, reserved 1048576K
}
Event: 62.475 GC heap before
{Heap before GC invocations=1064 (full 211):
 garbage-first heap   total reserved 8388608K, committed 110592K, used 85947K [0x0000000600000000, 0x0000000800000000)
  region size 4096K, 16 young (65536K), 0 survivors (0K)
 Metaspace       used 11816K, committed 11904K, reserved 1114112K
  class space    used 854K, committed 896K, reserved 1048576K
}
Event: 62.476 GC heap after
{Heap after GC invocations=1065 (full 211):
 garbage-first heap   total reserved 8388608K, committed 110592K, used 23790K [0x0000000600000000, 0x0000000800000000)
  region size 4096K, 1 young (4096K), 1 survivors (4096K)
 Metaspace       used 11816K, committed 11904K, reserved 1114112K
  class space    used 854K, committed 896K, reserved 1048576K
}
Event: 62.509 GC heap before
{Heap before GC invocations=1065 (full 211):
 garbage-first heap   total reserved 8388608K, committed 110592K, used 81134K [0x0000000600000000, 0x0000000800000000)
  region size 4096K, 16 young (65536K), 1 survivors (4096K)
 Metaspace       used 11816K, committed 11904K, reserved 1114112K
  class space    used 854K, committed 896K, reserved 1048576K
}
Event: 62.510 GC heap after
{Heap after GC invocations=1066 (full 211):
 garbage-first heap   total reserved 8388608K, committed 110592K, used 26445K [0x0000000600000000, 0x0000000800000000)
  region size 4096K, 2 young (8192K), 2 survivors (8192K)
 Metaspace       used 11816K, committed 11904K, reserved 1114112K
  class space    used 854K, committed 896K, reserved 1048576K
}
Event: 62.539 GC heap before
{Heap before GC invocations=1066 (full 211):
 garbage-first heap   total reserved 8388608K, committed 110592K, used 79693K [0x0000000600000000, 0x0000000800000000)
  region size 4096K, 15 young (61440K), 2 survivors (8192K)
 Metaspace       used 11816K, committed 11904K, reserved 1114112K
  class space    used 854K, committed 896K, reserved 1048576K
}
Event: 62.539 GC heap after
{Heap after GC invocations=1067 (full 211):
 garbage-first heap   total reserved 8388608K, committed 319488K, used 23873K [0x0000000600000000, 0x0000000800000000)
  region size 4096K, 1 young (4096K), 1 survivors (4096K)
 Metaspace       used 11816K, committed 11904K, reserved 1114112K
  class space    used 854K, committed 896K, reserved 1048576K
}
Event: 62.635 GC heap before
{Heap before GC invocations=1067 (full 211):
 garbage-first heap   total reserved 8388608K, committed 319488K, used 204097K [0x0000000600000000, 0x0000000800000000)
  region size 4096K, 46 young (188416K), 1 survivors (4096K)
 Metaspace       used 11816K, committed 11904K, reserved 1114112K
  class space    used 854K, committed 896K, reserved 1048576K
}
Event: 62.637 GC heap after
{Heap after GC invocations=1068 (full 211):
 garbage-first heap   total reserved 8388608K, committed 319488K, used 30480K [0x0000000600000000, 0x0000000800000000)
  region size 4096K, 3 young (12288K), 3 survivors (12288K)
 Metaspace       used 11816K, committed 11904K, reserved 1114112K
  class space    used 854K, committed 896K, reserved 1048576K
}

