# JRE version: Java(TM) SE Runtime Environment (24.0.2+12) (build 24.0.2+12-54)
# Java VM: Java HotSpot(TM) 64-Bit Server VM (24.0.2+12-54, mixed mode, sharing, tiered, compressed oops, compressed class ptrs, g1 gc, bsd-aarch64)
GC Precious Log:
 CardTable entry size: 512
 Card Set container configuration: InlinePtr #cards 4 size 8 Array Of Cards #cards 32 size 80 Howl #buckets 8 coarsen threshold 7372 Howl Bitmap #cards 1024 size 144 coarsen threshold 921 Card regions per heap region 1 cards per card region 8192
 CPUs: 8 total, 8 available
 Memory: 32768M
 Large Page Support: Disabled
 NUMA Support: Disabled
 Compressed Oops: Enabled (Zero based)
 Heap Region Size: 4M
 Heap Min Capacity: 8M
 Heap Initial Capacity: 512M
 Heap Max Capacity: 8G
 Pre-touch: Disabled
 Parallel Workers: 8
 Concurrent Workers: 2
 Concurrent Refinement Workers: 8
 Periodic GC: Disabled
Heap:
 garbage-first heap   total reserved 8388608K, committed 110592K, used 30860K [0x0000000600000000, 0x0000000800000000)
  region size 4096K, 4 young (16384K), 2 survivors (8192K)
 Metaspace       used 11834K, committed 11968K, reserved 1114112K
  class space    used 854K, committed 896K, reserved 1048576K
GC Heap History (20 events):
Event: 64.855 GC heap before
{Heap before GC invocations=1093 (full 202):
 garbage-first heap   total reserved 8388608K, committed 319488K, used 202870K [0x0000000600000000, 0x0000000800000000)
  region size 4096K, 46 young (188416K), 2 survivors (8192K)
 Metaspace       used 11832K, committed 11968K, reserved 1114112K
  class space    used 854K, committed 896K, reserved 1048576K
}
Event: 64.856 GC heap after
{Heap after GC invocations=1094 (full 202):
 garbage-first heap   total reserved 8388608K, committed 385024K, used 27469K [0x0000000600000000, 0x0000000800000000)
  region size 4096K, 3 young (12288K), 3 survivors (12288K)
 Metaspace       used 11832K, committed 11968K, reserved 1114112K
  class space    used 854K, committed 896K, reserved 1048576K
}
Event: 64.880 GC heap before
{Heap before GC invocations=1094 (full 202):
 garbage-first heap   total reserved 8388608K, committed 385024K, used 64333K [0x0000000600000000, 0x0000000800000000)
  region size 4096K, 13 young (53248K), 3 survivors (12288K)
 Metaspace       used 11832K, committed 11968K, reserved 1114112K
  class space    used 854K, committed 896K, reserved 1048576K
}
Event: 64.889 GC heap after
{Heap after GC invocations=1095 (full 203):
 garbage-first heap   total reserved 8388608K, committed 139264K, used 19956K [0x0000000600000000, 0x0000000800000000)
  region size 4096K, 0 young (0K), 0 survivors (0K)
 Metaspace       used 11832K, committed 11968K, reserved 1114112K
  class space    used 854K, committed 896K, reserved 1048576K
}
Event: 64.931 GC heap before
{Heap before GC invocations=1095 (full 203):
 garbage-first heap   total reserved 8388608K, committed 139264K, used 97780K [0x0000000600000000, 0x0000000800000000)
  region size 4096K, 20 young (81920K), 0 survivors (0K)
 Metaspace       used 11832K, committed 11968K, reserved 1114112K
  class space    used 854K, committed 896K, reserved 1048576K
}
Event: 64.932 GC heap after
{Heap after GC invocations=1096 (full 203):
 garbage-first heap   total reserved 8388608K, committed 139264K, used 26678K [0x0000000600000000, 0x0000000800000000)
  region size 4096K, 2 young (8192K), 2 survivors (8192K)
 Metaspace       used 11832K, committed 11968K, reserved 1114112K
  class space    used 854K, committed 896K, reserved 1048576K
}
Event: 64.970 GC heap before
{Heap before GC invocations=1096 (full 203):
 garbage-first heap   total reserved 8388608K, committed 139264K, used 96310K [0x0000000600000000, 0x0000000800000000)
  region size 4096K, 19 young (77824K), 2 survivors (8192K)
 Metaspace       used 11832K, committed 11968K, reserved 1114112K
  class space    used 854K, committed 896K, reserved 1048576K
}
Event: 64.971 GC heap after
{Heap after GC invocations=1097 (full 203):
 garbage-first heap   total reserved 8388608K, committed 139264K, used 26148K [0x0000000600000000, 0x0000000800000000)
  region size 4096K, 2 young (8192K), 2 survivors (8192K)
 Metaspace       used 11832K, committed 11968K, reserved 1114112K
  class space    used 854K, committed 896K, reserved 1048576K
}
Event: 65.004 GC heap before
{Heap before GC invocations=1097 (full 203):
 garbage-first heap   total reserved 8388608K, committed 139264K, used 95780K [0x0000000600000000, 0x0000000800000000)
  region size 4096K, 19 young (77824K), 2 survivors (8192K)
 Metaspace       used 11832K, committed 11968K, reserved 1114112K
  class space    used 854K, committed 896K, reserved 1048576K
}
Event: 65.004 GC heap after
{Heap after GC invocations=1098 (full 203):
 garbage-first heap   total reserved 8388608K, committed 139264K, used 24821K [0x0000000600000000, 0x0000000800000000)
  region size 4096K, 2 young (8192K), 2 survivors (8192K)
 Metaspace       used 11832K, committed 11968K, reserved 1114112K
  class space    used 854K, committed 896K, reserved 1048576K
}
Event: 65.044 GC heap before
{Heap before GC invocations=1098 (full 203):
 garbage-first heap   total reserved 8388608K, committed 139264K, used 94453K [0x0000000600000000, 0x0000000800000000)
  region size 4096K, 19 young (77824K), 2 survivors (8192K)
 Metaspace       used 11832K, committed 11968K, reserved 1114112K
  class space    used 854K, committed 896K, reserved 1048576K
}
Event: 65.045 GC heap after
{Heap after GC invocations=1099 (full 203):
 garbage-first heap   total reserved 8388608K, committed 274432K, used 26110K [0x0000000600000000, 0x0000000800000000)
  region size 4096K, 2 young (8192K), 2 survivors (8192K)
 Metaspace       used 11832K, committed 11968K, reserved 1114112K
  class space    used 854K, committed 896K, reserved 1048576K
}
Event: 65.136 GC heap before
{Heap before GC invocations=1099 (full 203):
 garbage-first heap   total reserved 8388608K, committed 274432K, used 177662K [0x0000000600000000, 0x0000000800000000)
  region size 4096K, 40 young (163840K), 2 survivors (8192K)
 Metaspace       used 11832K, committed 11968K, reserved 1114112K
  class space    used 854K, committed 896K, reserved 1048576K
}
Event: 65.137 GC heap after
{Heap after GC invocations=1100 (full 203):
 garbage-first heap   total reserved 8388608K, committed 274432K, used 29565K [0x0000000600000000, 0x0000000800000000)
  region size 4096K, 3 young (12288K), 3 survivors (12288K)
 Metaspace       used 11832K, committed 11968K, reserved 1114112K
  class space    used 854K, committed 896K, reserved 1048576K
}
Event: 65.161 GC heap before
{Heap before GC invocations=1100 (full 203):
 garbage-first heap   total reserved 8388608K, committed 274432K, used 70525K [0x0000000600000000, 0x0000000800000000)
  region size 4096K, 14 young (57344K), 3 survivors (12288K)
 Metaspace       used 11832K, committed 11968K, reserved 1114112K
  class space    used 854K, committed 896K, reserved 1048576K
}
Event: 65.171 GC heap after
{Heap after GC invocations=1101 (full 204):
 garbage-first heap   total reserved 8388608K, committed 110592K, used 20282K [0x0000000600000000, 0x0000000800000000)
  region size 4096K, 0 young (0K), 0 survivors (0K)
 Metaspace       used 11832K, committed 11968K, reserved 1114112K
  class space    used 854K, committed 896K, reserved 1048576K
}
Event: 65.203 GC heap before
{Heap before GC invocations=1101 (full 204):
 garbage-first heap   total reserved 8388608K, committed 110592K, used 85818K [0x0000000600000000, 0x0000000800000000)
  region size 4096K, 16 young (65536K), 0 survivors (0K)
 Metaspace       used 11832K, committed 11968K, reserved 1114112K
  class space    used 854K, committed 896K, reserved 1048576K
}
Event: 65.204 GC heap after
{Heap after GC invocations=1102 (full 204):
 garbage-first heap   total reserved 8388608K, committed 110592K, used 27023K [0x0000000600000000, 0x0000000800000000)
  region size 4096K, 2 young (8192K), 2 survivors (8192K)
 Metaspace       used 11832K, committed 11968K, reserved 1114112K
  class space    used 854K, committed 896K, reserved 1048576K
}
Event: 65.224 GC heap before
{Heap before GC invocations=1102 (full 204):
 garbage-first heap   total reserved 8388608K, committed 110592K, used 76175K [0x0000000600000000, 0x0000000800000000)
  region size 4096K, 15 young (61440K), 2 survivors (8192K)
 Metaspace       used 11832K, committed 11968K, reserved 1114112K
  class space    used 854K, committed 896K, reserved 1048576K
}
Event: 65.227 GC heap after
{Heap after GC invocations=1103 (full 204):
 garbage-first heap   total reserved 8388608K, committed 110592K, used 26764K [0x0000000600000000, 0x0000000800000000)
  region size 4096K, 2 young (8192K), 2 survivors (8192K)
 Metaspace       used 11832K, committed 11968K, reserved 1114112K
  class space    used 854K, committed 896K, reserved 1048576K
}

