# JRE version: Java(TM) SE Runtime Environment (24.0.2+12) (build 24.0.2+12-54)
# Java VM: Java HotSpot(TM) 64-Bit Server VM (24.0.2+12-54, mixed mode, sharing, tiered, compressed oops, compressed class ptrs, g1 gc, bsd-aarch64)
GC Precious Log:
 CardTable entry size: 512
 Card Set container configuration: InlinePtr #cards 4 size 8 Array Of Cards #cards 32 size 80 Howl #buckets 8 coarsen threshold 7372 Howl Bitmap #cards 1024 size 144 coarsen threshold 921 Card regions per heap region 1 cards per card region 8192
 CPUs: 8 total, 8 available
 Memory: 32768M
 Large Page Support: Disabled
 NUMA Support: Disabled
 Compressed Oops: Enabled (Zero based)
 Heap Region Size: 4M
 Heap Min Capacity: 8M
 Heap Initial Capacity: 512M
 Heap Max Capacity: 8G
 Pre-touch: Disabled
 Parallel Workers: 8
 Concurrent Workers: 2
 Concurrent Refinement Workers: 8
 Periodic GC: Disabled
Heap:
 garbage-first heap   total reserved 8388608K, committed 122880K, used 72074K [0x0000000600000000, 0x0000000800000000)
  region size 4096K, 14 young (57344K), 2 survivors (8192K)
 Metaspace       used 11830K, committed 11904K, reserved 1114112K
  class space    used 854K, committed 896K, reserved 1048576K
GC Heap History (20 events):
Event: 88.917 GC heap before
{Heap before GC invocations=1195 (full 239):
 garbage-first heap   total reserved 8388608K, committed 122880K, used 83166K [0x0000000600000000, 0x0000000800000000)
  region size 4096K, 17 young (69632K), 2 survivors (8192K)
 Metaspace       used 11828K, committed 11904K, reserved 1114112K
  class space    used 854K, committed 896K, reserved 1048576K
}
Event: 88.918 GC heap after
{Heap after GC invocations=1196 (full 239):
 garbage-first heap   total reserved 8388608K, committed 122880K, used 26489K [0x0000000600000000, 0x0000000800000000)
  region size 4096K, 2 young (8192K), 2 survivors (8192K)
 Metaspace       used 11828K, committed 11904K, reserved 1114112K
  class space    used 854K, committed 896K, reserved 1048576K
}
Event: 89.012 GC heap before
{Heap before GC invocations=1196 (full 239):
 garbage-first heap   total reserved 8388608K, committed 122880K, used 83833K [0x0000000600000000, 0x0000000800000000)
  region size 4096K, 17 young (69632K), 2 survivors (8192K)
 Metaspace       used 11828K, committed 11904K, reserved 1114112K
  class space    used 854K, committed 896K, reserved 1048576K
}
Event: 89.013 GC heap after
{Heap after GC invocations=1197 (full 239):
 garbage-first heap   total reserved 8388608K, committed 122880K, used 22129K [0x0000000600000000, 0x0000000800000000)
  region size 4096K, 1 young (4096K), 1 survivors (4096K)
 Metaspace       used 11828K, committed 11904K, reserved 1114112K
  class space    used 854K, committed 896K, reserved 1048576K
}
Event: 89.058 GC heap before
{Heap before GC invocations=1197 (full 239):
 garbage-first heap   total reserved 8388608K, committed 122880K, used 87665K [0x0000000600000000, 0x0000000800000000)
  region size 4096K, 18 young (73728K), 1 survivors (4096K)
 Metaspace       used 11828K, committed 11904K, reserved 1114112K
  class space    used 854K, committed 896K, reserved 1048576K
}
Event: 89.059 GC heap after
{Heap after GC invocations=1198 (full 239):
 garbage-first heap   total reserved 8388608K, committed 122880K, used 22777K [0x0000000600000000, 0x0000000800000000)
  region size 4096K, 1 young (4096K), 1 survivors (4096K)
 Metaspace       used 11828K, committed 11904K, reserved 1114112K
  class space    used 854K, committed 896K, reserved 1048576K
}
Event: 89.143 GC heap before
{Heap before GC invocations=1198 (full 239):
 garbage-first heap   total reserved 8388608K, committed 122880K, used 88313K [0x0000000600000000, 0x0000000800000000)
  region size 4096K, 18 young (73728K), 1 survivors (4096K)
 Metaspace       used 11828K, committed 11904K, reserved 1114112K
  class space    used 854K, committed 896K, reserved 1048576K
}
Event: 89.143 GC heap after
{Heap after GC invocations=1199 (full 239):
 garbage-first heap   total reserved 8388608K, committed 122880K, used 20756K [0x0000000600000000, 0x0000000800000000)
  region size 4096K, 1 young (4096K), 1 survivors (4096K)
 Metaspace       used 11828K, committed 11904K, reserved 1114112K
  class space    used 854K, committed 896K, reserved 1048576K
}
Event: 89.201 GC heap before
{Heap before GC invocations=1199 (full 239):
 garbage-first heap   total reserved 8388608K, committed 122880K, used 90388K [0x0000000600000000, 0x0000000800000000)
  region size 4096K, 18 young (73728K), 1 survivors (4096K)
 Metaspace       used 11828K, committed 11904K, reserved 1114112K
  class space    used 854K, committed 896K, reserved 1048576K
}
Event: 89.202 GC heap after
{Heap after GC invocations=1200 (full 239):
 garbage-first heap   total reserved 8388608K, committed 122880K, used 23125K [0x0000000600000000, 0x0000000800000000)
  region size 4096K, 1 young (4096K), 1 survivors (4096K)
 Metaspace       used 11828K, committed 11904K, reserved 1114112K
  class space    used 854K, committed 896K, reserved 1048576K
}
Event: 89.275 GC heap before
{Heap before GC invocations=1200 (full 239):
 garbage-first heap   total reserved 8388608K, committed 122880K, used 92757K [0x0000000600000000, 0x0000000800000000)
  region size 4096K, 18 young (73728K), 1 survivors (4096K)
 Metaspace       used 11828K, committed 11904K, reserved 1114112K
  class space    used 854K, committed 896K, reserved 1048576K
}
Event: 89.276 GC heap after
{Heap after GC invocations=1201 (full 239):
 garbage-first heap   total reserved 8388608K, committed 323584K, used 23049K [0x0000000600000000, 0x0000000800000000)
  region size 4096K, 1 young (4096K), 1 survivors (4096K)
 Metaspace       used 11828K, committed 11904K, reserved 1114112K
  class space    used 854K, committed 896K, reserved 1048576K
}
Event: 89.315 GC heap before
{Heap before GC invocations=1201 (full 239):
 garbage-first heap   total reserved 8388608K, committed 323584K, used 72201K [0x0000000600000000, 0x0000000800000000)
  region size 4096K, 15 young (61440K), 1 survivors (4096K)
 Metaspace       used 11828K, committed 11904K, reserved 1114112K
  class space    used 854K, committed 896K, reserved 1048576K
}
Event: 89.327 GC heap after
{Heap after GC invocations=1202 (full 240):
 garbage-first heap   total reserved 8388608K, committed 122880K, used 20250K [0x0000000600000000, 0x0000000800000000)
  region size 4096K, 0 young (0K), 0 survivors (0K)
 Metaspace       used 11828K, committed 11904K, reserved 1114112K
  class space    used 854K, committed 896K, reserved 1048576K
}
Event: 89.381 GC heap before
{Heap before GC invocations=1202 (full 240):
 garbage-first heap   total reserved 8388608K, committed 122880K, used 89882K [0x0000000600000000, 0x0000000800000000)
  region size 4096K, 18 young (73728K), 0 survivors (0K)
 Metaspace       used 11828K, committed 11904K, reserved 1114112K
  class space    used 854K, committed 896K, reserved 1048576K
}
Event: 89.382 GC heap after
{Heap after GC invocations=1203 (full 240):
 garbage-first heap   total reserved 8388608K, committed 122880K, used 26933K [0x0000000600000000, 0x0000000800000000)
  region size 4096K, 2 young (8192K), 2 survivors (8192K)
 Metaspace       used 11828K, committed 11904K, reserved 1114112K
  class space    used 854K, committed 896K, reserved 1048576K
}
Event: 89.441 GC heap before
{Heap before GC invocations=1203 (full 240):
 garbage-first heap   total reserved 8388608K, committed 122880K, used 88373K [0x0000000600000000, 0x0000000800000000)
  region size 4096K, 17 young (69632K), 2 survivors (8192K)
 Metaspace       used 11828K, committed 11904K, reserved 1114112K
  class space    used 854K, committed 896K, reserved 1048576K
}
Event: 89.442 GC heap after
{Heap after GC invocations=1204 (full 240):
 garbage-first heap   total reserved 8388608K, committed 122880K, used 24405K [0x0000000600000000, 0x0000000800000000)
  region size 4096K, 2 young (8192K), 2 survivors (8192K)
 Metaspace       used 11828K, committed 11904K, reserved 1114112K
  class space    used 854K, committed 896K, reserved 1048576K
}
Event: 89.499 GC heap before
{Heap before GC invocations=1204 (full 240):
 garbage-first heap   total reserved 8388608K, committed 122880K, used 81749K [0x0000000600000000, 0x0000000800000000)
  region size 4096K, 17 young (69632K), 2 survivors (8192K)
 Metaspace       used 11828K, committed 11904K, reserved 1114112K
  class space    used 854K, committed 896K, reserved 1048576K
}
Event: 89.500 GC heap after
{Heap after GC invocations=1205 (full 240):
 garbage-first heap   total reserved 8388608K, committed 122880K, used 27018K [0x0000000600000000, 0x0000000800000000)
  region size 4096K, 2 young (8192K), 2 survivors (8192K)
 Metaspace       used 11828K, committed 11904K, reserved 1114112K
  class space    used 854K, committed 896K, reserved 1048576K
}

