# JRE version: Java(TM) SE Runtime Environment (24.0.2+12) (build 24.0.2+12-54)
# Java VM: Java HotSpot(TM) 64-Bit Server VM (24.0.2+12-54, mixed mode, sharing, tiered, compressed oops, compressed class ptrs, g1 gc, bsd-aarch64)
GC Precious Log:
 CardTable entry size: 512
 Card Set container configuration: InlinePtr #cards 4 size 8 Array Of Cards #cards 32 size 80 Howl #buckets 8 coarsen threshold 7372 Howl Bitmap #cards 1024 size 144 coarsen threshold 921 Card regions per heap region 1 cards per card region 8192
 CPUs: 8 total, 8 available
 Memory: 32768M
 Large Page Support: Disabled
 NUMA Support: Disabled
 Compressed Oops: Enabled (Zero based)
 Heap Region Size: 4M
 Heap Min Capacity: 8M
 Heap Initial Capacity: 512M
 Heap Max Capacity: 8G
 Pre-touch: Disabled
 Parallel Workers: 8
 Concurrent Workers: 2
 Concurrent Refinement Workers: 8
 Periodic GC: Disabled
Heap:
 garbage-first heap   total reserved 8388608K, committed 98304K, used 18237K [0x0000000600000000, 0x0000000800000000)
  region size 4096K, 2 young (8192K), 0 survivors (0K)
 Metaspace       used 11826K, committed 11968K, reserved 1114112K
  class space    used 855K, committed 896K, reserved 1048576K
GC Heap History (20 events):
Event: 64.210 GC heap before
{Heap before GC invocations=994 (full 177):
 garbage-first heap   total reserved 8388608K, committed 319488K, used 69479K [0x0000000600000000, 0x0000000800000000)
  region size 4096K, 14 young (57344K), 3 survivors (12288K)
 Metaspace       used 11824K, committed 11968K, reserved 1114112K
  class space    used 854K, committed 896K, reserved 1048576K
}
Event: 64.225 GC heap after
{Heap after GC invocations=995 (full 178):
 garbage-first heap   total reserved 8388608K, committed 122880K, used 22270K [0x0000000600000000, 0x0000000800000000)
  region size 4096K, 0 young (0K), 0 survivors (0K)
 Metaspace       used 11824K, committed 11968K, reserved 1114112K
  class space    used 854K, committed 896K, reserved 1048576K
}
Event: 64.325 GC heap before
{Heap before GC invocations=995 (full 178):
 garbage-first heap   total reserved 8388608K, committed 122880K, used 95998K [0x0000000600000000, 0x0000000800000000)
  region size 4096K, 18 young (73728K), 0 survivors (0K)
 Metaspace       used 11824K, committed 11968K, reserved 1114112K
  class space    used 854K, committed 896K, reserved 1048576K
}
Event: 64.326 GC heap after
{Heap after GC invocations=996 (full 178):
 garbage-first heap   total reserved 8388608K, committed 122880K, used 25322K [0x0000000600000000, 0x0000000800000000)
  region size 4096K, 1 young (4096K), 1 survivors (4096K)
 Metaspace       used 11824K, committed 11968K, reserved 1114112K
  class space    used 854K, committed 896K, reserved 1048576K
}
Event: 64.428 GC heap before
{Heap before GC invocations=996 (full 178):
 garbage-first heap   total reserved 8388608K, committed 122880K, used 90858K [0x0000000600000000, 0x0000000800000000)
  region size 4096K, 18 young (73728K), 1 survivors (4096K)
 Metaspace       used 11824K, committed 11968K, reserved 1114112K
  class space    used 854K, committed 896K, reserved 1048576K
}
Event: 64.452 GC heap after
{Heap after GC invocations=997 (full 178):
 garbage-first heap   total reserved 8388608K, committed 122880K, used 25992K [0x0000000600000000, 0x0000000800000000)
  region size 4096K, 1 young (4096K), 1 survivors (4096K)
 Metaspace       used 11824K, committed 11968K, reserved 1114112K
  class space    used 854K, committed 896K, reserved 1048576K
}
Event: 64.535 GC heap before
{Heap before GC invocations=997 (full 178):
 garbage-first heap   total reserved 8388608K, committed 122880K, used 91528K [0x0000000600000000, 0x0000000800000000)
  region size 4096K, 18 young (73728K), 1 survivors (4096K)
 Metaspace       used 11824K, committed 11968K, reserved 1114112K
  class space    used 854K, committed 896K, reserved 1048576K
}
Event: 64.554 GC heap after
{Heap after GC invocations=998 (full 178):
 garbage-first heap   total reserved 8388608K, committed 323584K, used 25336K [0x0000000600000000, 0x0000000800000000)
  region size 4096K, 1 young (4096K), 1 survivors (4096K)
 Metaspace       used 11824K, committed 11968K, reserved 1114112K
  class space    used 854K, committed 896K, reserved 1048576K
}
Event: 64.728 GC heap before
{Heap before GC invocations=998 (full 178):
 garbage-first heap   total reserved 8388608K, committed 323584K, used 209656K [0x0000000600000000, 0x0000000800000000)
  region size 4096K, 47 young (192512K), 1 survivors (4096K)
 Metaspace       used 11824K, committed 11968K, reserved 1114112K
  class space    used 854K, committed 896K, reserved 1048576K
}
Event: 64.730 GC heap after
{Heap after GC invocations=999 (full 178):
 garbage-first heap   total reserved 8388608K, committed 323584K, used 31832K [0x0000000600000000, 0x0000000800000000)
  region size 4096K, 3 young (12288K), 3 survivors (12288K)
 Metaspace       used 11824K, committed 11968K, reserved 1114112K
  class space    used 854K, committed 896K, reserved 1048576K
}
Event: 64.758 GC heap before
{Heap before GC invocations=999 (full 178):
 garbage-first heap   total reserved 8388608K, committed 323584K, used 64600K [0x0000000600000000, 0x0000000800000000)
  region size 4096K, 12 young (49152K), 3 survivors (12288K)
 Metaspace       used 11824K, committed 11968K, reserved 1114112K
  class space    used 854K, committed 896K, reserved 1048576K
}
Event: 64.769 GC heap after
{Heap after GC invocations=1000 (full 179):
 garbage-first heap   total reserved 8388608K, committed 122880K, used 20793K [0x0000000600000000, 0x0000000800000000)
  region size 4096K, 0 young (0K), 0 survivors (0K)
 Metaspace       used 11824K, committed 11968K, reserved 1114112K
  class space    used 854K, committed 896K, reserved 1048576K
}
Event: 64.808 GC heap before
{Heap before GC invocations=1000 (full 179):
 garbage-first heap   total reserved 8388608K, committed 122880K, used 94521K [0x0000000600000000, 0x0000000800000000)
  region size 4096K, 18 young (73728K), 0 survivors (0K)
 Metaspace       used 11824K, committed 11968K, reserved 1114112K
  class space    used 854K, committed 896K, reserved 1048576K
}
Event: 64.809 GC heap after
{Heap after GC invocations=1001 (full 179):
 garbage-first heap   total reserved 8388608K, committed 122880K, used 27537K [0x0000000600000000, 0x0000000800000000)
  region size 4096K, 2 young (8192K), 2 survivors (8192K)
 Metaspace       used 11824K, committed 11968K, reserved 1114112K
  class space    used 854K, committed 896K, reserved 1048576K
}
Event: 64.850 GC heap before
{Heap before GC invocations=1001 (full 179):
 garbage-first heap   total reserved 8388608K, committed 122880K, used 84881K [0x0000000600000000, 0x0000000800000000)
  region size 4096K, 17 young (69632K), 2 survivors (8192K)
 Metaspace       used 11824K, committed 11968K, reserved 1114112K
  class space    used 854K, committed 896K, reserved 1048576K
}
Event: 64.851 GC heap after
{Heap after GC invocations=1002 (full 179):
 garbage-first heap   total reserved 8388608K, committed 122880K, used 24982K [0x0000000600000000, 0x0000000800000000)
  region size 4096K, 2 young (8192K), 2 survivors (8192K)
 Metaspace       used 11824K, committed 11968K, reserved 1114112K
  class space    used 854K, committed 896K, reserved 1048576K
}
Event: 64.880 GC heap before
{Heap before GC invocations=1002 (full 179):
 garbage-first heap   total reserved 8388608K, committed 122880K, used 86422K [0x0000000600000000, 0x0000000800000000)
  region size 4096K, 17 young (69632K), 2 survivors (8192K)
 Metaspace       used 11824K, committed 11968K, reserved 1114112K
  class space    used 854K, committed 896K, reserved 1048576K
}
Event: 64.881 GC heap after
{Heap after GC invocations=1003 (full 179):
 garbage-first heap   total reserved 8388608K, committed 323584K, used 23721K [0x0000000600000000, 0x0000000800000000)
  region size 4096K, 1 young (4096K), 1 survivors (4096K)
 Metaspace       used 11824K, committed 11968K, reserved 1114112K
  class space    used 854K, committed 896K, reserved 1048576K
}
Event: 64.987 GC heap before
{Heap before GC invocations=1003 (full 179):
 garbage-first heap   total reserved 8388608K, committed 323584K, used 171177K [0x0000000600000000, 0x0000000800000000)
  region size 4096K, 39 young (159744K), 1 survivors (4096K)
 Metaspace       used 11824K, committed 11968K, reserved 1114112K
  class space    used 854K, committed 896K, reserved 1048576K
}
Event: 64.997 GC heap after
{Heap after GC invocations=1004 (full 180):
 garbage-first heap   total reserved 8388608K, committed 98304K, used 14141K [0x0000000600000000, 0x0000000800000000)
  region size 4096K, 0 young (0K), 0 survivors (0K)
 Metaspace       used 11824K, committed 11968K, reserved 1114112K
  class space    used 854K, committed 896K, reserved 1048576K
}

